mode: set
github.com/DungBuiTien1999/bookings/internal/handlers/handlers.go:29.62,34.2 1 1
github.com/DungBuiTien1999/bookings/internal/handlers/handlers.go:36.54,41.2 1 1
github.com/DungBuiTien1999/bookings/internal/handlers/handlers.go:44.33,46.2 1 1
github.com/DungBuiTien1999/bookings/internal/handlers/handlers.go:49.67,51.2 1 1
github.com/DungBuiTien1999/bookings/internal/handlers/handlers.go:54.68,56.2 1 1
github.com/DungBuiTien1999/bookings/internal/handlers/handlers.go:59.71,62.2 1 1
github.com/DungBuiTien1999/bookings/internal/handlers/handlers.go:65.69,68.2 1 1
github.com/DungBuiTien1999/bookings/internal/handlers/handlers.go:71.74,73.9 2 1
github.com/DungBuiTien1999/bookings/internal/handlers/handlers.go:79.2,80.16 2 1
github.com/DungBuiTien1999/bookings/internal/handlers/handlers.go:85.2,102.4 10 1
github.com/DungBuiTien1999/bookings/internal/handlers/handlers.go:73.9,77.3 3 1
github.com/DungBuiTien1999/bookings/internal/handlers/handlers.go:80.16,84.3 3 1
github.com/DungBuiTien1999/bookings/internal/handlers/handlers.go:106.78,108.9 2 1
github.com/DungBuiTien1999/bookings/internal/handlers/handlers.go:114.2,115.16 2 1
github.com/DungBuiTien1999/bookings/internal/handlers/handlers.go:121.2,132.19 9 1
github.com/DungBuiTien1999/bookings/internal/handlers/handlers.go:143.2,144.16 2 1
github.com/DungBuiTien1999/bookings/internal/handlers/handlers.go:150.2,158.16 3 1
github.com/DungBuiTien1999/bookings/internal/handlers/handlers.go:164.2,166.66 2 1
github.com/DungBuiTien1999/bookings/internal/handlers/handlers.go:108.9,112.3 3 1
github.com/DungBuiTien1999/bookings/internal/handlers/handlers.go:115.16,119.3 3 1
github.com/DungBuiTien1999/bookings/internal/handlers/handlers.go:132.19,141.3 5 1
github.com/DungBuiTien1999/bookings/internal/handlers/handlers.go:144.16,148.3 3 1
github.com/DungBuiTien1999/bookings/internal/handlers/handlers.go:158.16,162.3 3 1
github.com/DungBuiTien1999/bookings/internal/handlers/handlers.go:170.70,173.2 1 1
github.com/DungBuiTien1999/bookings/internal/handlers/handlers.go:176.75,179.2 1 1
github.com/DungBuiTien1999/bookings/internal/handlers/handlers.go:182.79,184.16 2 1
github.com/DungBuiTien1999/bookings/internal/handlers/handlers.go:190.2,194.16 5 1
github.com/DungBuiTien1999/bookings/internal/handlers/handlers.go:199.2,200.16 2 1
github.com/DungBuiTien1999/bookings/internal/handlers/handlers.go:205.2,206.16 2 1
github.com/DungBuiTien1999/bookings/internal/handlers/handlers.go:212.2,212.21 1 1
github.com/DungBuiTien1999/bookings/internal/handlers/handlers.go:219.2,230.4 5 1
github.com/DungBuiTien1999/bookings/internal/handlers/handlers.go:184.16,188.3 3 1
github.com/DungBuiTien1999/bookings/internal/handlers/handlers.go:194.16,198.3 3 1
github.com/DungBuiTien1999/bookings/internal/handlers/handlers.go:200.16,204.3 3 1
github.com/DungBuiTien1999/bookings/internal/handlers/handlers.go:206.16,210.3 3 1
github.com/DungBuiTien1999/bookings/internal/handlers/handlers.go:212.21,217.3 3 1
github.com/DungBuiTien1999/bookings/internal/handlers/handlers.go:242.83,244.16 2 1
github.com/DungBuiTien1999/bookings/internal/handlers/handlers.go:256.2,266.16 8 1
github.com/DungBuiTien1999/bookings/internal/handlers/handlers.go:276.2,287.14 4 1
github.com/DungBuiTien1999/bookings/internal/handlers/handlers.go:244.16,254.3 5 1
github.com/DungBuiTien1999/bookings/internal/handlers/handlers.go:266.16,275.3 5 1
github.com/DungBuiTien1999/bookings/internal/handlers/handlers.go:291.81,293.9 2 1
github.com/DungBuiTien1999/bookings/internal/handlers/handlers.go:299.2,313.4 9 1
github.com/DungBuiTien1999/bookings/internal/handlers/handlers.go:293.9,297.3 3 1
github.com/DungBuiTien1999/bookings/internal/handlers/handlers.go:317.73,320.16 3 1
github.com/DungBuiTien1999/bookings/internal/handlers/handlers.go:326.2,327.9 2 1
github.com/DungBuiTien1999/bookings/internal/handlers/handlers.go:333.2,336.63 3 1
github.com/DungBuiTien1999/bookings/internal/handlers/handlers.go:320.16,324.3 3 1
github.com/DungBuiTien1999/bookings/internal/handlers/handlers.go:327.9,331.3 3 1
github.com/DungBuiTien1999/bookings/internal/handlers/handlers.go:340.71,352.16 9 1
github.com/DungBuiTien1999/bookings/internal/handlers/handlers.go:357.2,364.63 6 1
github.com/DungBuiTien1999/bookings/internal/handlers/handlers.go:352.16,356.3 3 1
